2021-05-06 12:02:51.041  INFO 13985 --- [main] c.s.R.repository.OrderRepositoryTest     : Starting OrderRepositoryTest on ip-172-31-46-249 with PID 13985 (started by ubuntu in /home/ubuntu/Desktop/Foodie-App/Restaurant-Service)
2021-05-06 12:02:51.112  INFO 13985 --- [main] c.s.R.repository.OrderRepositoryTest     : No active profile set, falling back to default profiles: default
2021-05-06 12:02:52.219  INFO 13985 --- [main] .s.d.r.c.RepositoryConfigurationDelegate : Bootstrapping Spring Data MongoDB repositories in DEFAULT mode.
2021-05-06 12:02:52.393  INFO 13985 --- [main] .s.d.r.c.RepositoryConfigurationDelegate : Finished Spring Data repository scanning in 155ms. Found 3 MongoDB repository interfaces.
2021-05-06 12:02:52.727  INFO 13985 --- [main] org.mongodb.driver.cluster               : Cluster created with settings {hosts=[localhost:27017], mode=SINGLE, requiredClusterType=UNKNOWN, serverSelectionTimeout='30000 ms'}
2021-05-06 12:02:52.842  INFO 13985 --- [cluster-ClusterId{value='6093daec5cd7f340be1001e6', description='null'}-localhost:27017] org.mongodb.driver.connection            : Opened connection [connectionId{localValue:1, serverValue:31}] to localhost:27017
2021-05-06 12:02:52.860  INFO 13985 --- [cluster-ClusterId{value='6093daec5cd7f340be1001e6', description='null'}-localhost:27017] org.mongodb.driver.cluster               : Monitor thread successfully connected to server with description ServerDescription{address=localhost:27017, type=STANDALONE, state=CONNECTED, ok=true, minWireVersion=0, maxWireVersion=9, maxDocumentSize=16777216, logicalSessionTimeoutMinutes=30, roundTripTimeNanos=9972304}
2021-05-06 12:02:53.486  INFO 13985 --- [main] c.s.R.repository.OrderRepositoryTest     : Started OrderRepositoryTest in 3.709 seconds (JVM running for 7.299)
2021-05-06 12:02:54.138  INFO 13985 --- [main] org.mongodb.driver.connection            : Opened connection [connectionId{localValue:2, serverValue:32}] to localhost:27017
2021-05-06 12:02:54.327  INFO 13985 --- [main] t.a.d.m.DataMongoTestContextBootstrapper : Neither @ContextConfiguration nor @ContextHierarchy found for test class [com.stackroute.RestaurantService.repository.RestaurantRepositoryTest], using SpringBootContextLoader
2021-05-06 12:02:54.328  INFO 13985 --- [main] o.s.t.c.support.AbstractContextLoader    : Could not detect default resource locations for test class [com.stackroute.RestaurantService.repository.RestaurantRepositoryTest]: no resource found for suffixes {-context.xml, Context.groovy}.
2021-05-06 12:02:54.809  INFO 13985 --- [main] t.c.s.AnnotationConfigContextLoaderUtils : Could not detect default configuration classes for test class [com.stackroute.RestaurantService.repository.RestaurantRepositoryTest]: RestaurantRepositoryTest does not declare any static, non-private, non-final, nested classes annotated with @Configuration.
2021-05-06 12:02:54.813  INFO 13985 --- [main] .b.t.c.SpringBootTestContextBootstrapper : Found @SpringBootConfiguration com.stackroute.RestaurantService.RestaurantServiceApplication for test class com.stackroute.RestaurantService.repository.RestaurantRepositoryTest
2021-05-06 12:02:54.814  INFO 13985 --- [main] t.a.d.m.DataMongoTestContextBootstrapper : Loaded default TestExecutionListener class names from location [META-INF/spring.factories]: [org.springframework.boot.test.mock.mockito.MockitoTestExecutionListener, org.springframework.boot.test.mock.mockito.ResetMocksTestExecutionListener, org.springframework.boot.test.autoconfigure.restdocs.RestDocsTestExecutionListener, org.springframework.boot.test.autoconfigure.web.client.MockRestServiceServerResetTestExecutionListener, org.springframework.boot.test.autoconfigure.web.servlet.MockMvcPrintOnlyOnFailureTestExecutionListener, org.springframework.boot.test.autoconfigure.web.servlet.WebDriverTestExecutionListener, org.springframework.boot.test.autoconfigure.webservices.client.MockWebServiceServerTestExecutionListener, org.springframework.test.context.web.ServletTestExecutionListener, org.springframework.test.context.support.DirtiesContextBeforeModesTestExecutionListener, org.springframework.test.context.support.DependencyInjectionTestExecutionListener, org.springframework.test.context.support.DirtiesContextTestExecutionListener, org.springframework.test.context.transaction.TransactionalTestExecutionListener, org.springframework.test.context.jdbc.SqlScriptsTestExecutionListener, org.springframework.test.context.event.EventPublishingTestExecutionListener]
2021-05-06 12:02:54.814  INFO 13985 --- [main] t.a.d.m.DataMongoTestContextBootstrapper : Using TestExecutionListeners: [org.springframework.test.context.web.ServletTestExecutionListener@195580ba, org.springframework.test.context.support.DirtiesContextBeforeModesTestExecutionListener@3c25cfe1, org.springframework.boot.test.mock.mockito.MockitoTestExecutionListener@1d3c112a, org.springframework.boot.test.autoconfigure.SpringBootDependencyInjectionTestExecutionListener@2a140ce5, org.springframework.test.context.support.DirtiesContextTestExecutionListener@1f71194d, org.springframework.test.context.transaction.TransactionalTestExecutionListener@db99785, org.springframework.test.context.jdbc.SqlScriptsTestExecutionListener@70716259, org.springframework.test.context.event.EventPublishingTestExecutionListener@7a083b96, org.springframework.boot.test.mock.mockito.ResetMocksTestExecutionListener@6da4feeb, org.springframework.boot.test.autoconfigure.restdocs.RestDocsTestExecutionListener@2c604965, org.springframework.boot.test.autoconfigure.web.client.MockRestServiceServerResetTestExecutionListener@57f8951a, org.springframework.boot.test.autoconfigure.web.servlet.MockMvcPrintOnlyOnFailureTestExecutionListener@6c17c0f8, org.springframework.boot.test.autoconfigure.web.servlet.WebDriverTestExecutionListener@260e3837, org.springframework.boot.test.autoconfigure.webservices.client.MockWebServiceServerTestExecutionListener@88b76f2]
2021-05-06 12:02:55.258  INFO 13985 --- [main] c.s.R.service.OrderDAOImpl               : Order created
2021-05-06 12:02:55.266  INFO 13985 --- [main] c.s.R.service.OrderDAOImpl               : Order found
2021-05-06 12:02:55.270  INFO 13985 --- [main] t.a.d.m.DataMongoTestContextBootstrapper : Neither @ContextConfiguration nor @ContextHierarchy found for test class [com.stackroute.RestaurantService.repository.MenuItemsRepositoryTest], using SpringBootContextLoader
2021-05-06 12:02:55.271  INFO 13985 --- [main] o.s.t.c.support.AbstractContextLoader    : Could not detect default resource locations for test class [com.stackroute.RestaurantService.repository.MenuItemsRepositoryTest]: no resource found for suffixes {-context.xml, Context.groovy}.
2021-05-06 12:02:55.271  INFO 13985 --- [main] t.c.s.AnnotationConfigContextLoaderUtils : Could not detect default configuration classes for test class [com.stackroute.RestaurantService.repository.MenuItemsRepositoryTest]: MenuItemsRepositoryTest does not declare any static, non-private, non-final, nested classes annotated with @Configuration.
2021-05-06 12:02:55.276  INFO 13985 --- [main] .b.t.c.SpringBootTestContextBootstrapper : Found @SpringBootConfiguration com.stackroute.RestaurantService.RestaurantServiceApplication for test class com.stackroute.RestaurantService.repository.MenuItemsRepositoryTest
2021-05-06 12:02:55.277  INFO 13985 --- [main] t.a.d.m.DataMongoTestContextBootstrapper : Loaded default TestExecutionListener class names from location [META-INF/spring.factories]: [org.springframework.boot.test.mock.mockito.MockitoTestExecutionListener, org.springframework.boot.test.mock.mockito.ResetMocksTestExecutionListener, org.springframework.boot.test.autoconfigure.restdocs.RestDocsTestExecutionListener, org.springframework.boot.test.autoconfigure.web.client.MockRestServiceServerResetTestExecutionListener, org.springframework.boot.test.autoconfigure.web.servlet.MockMvcPrintOnlyOnFailureTestExecutionListener, org.springframework.boot.test.autoconfigure.web.servlet.WebDriverTestExecutionListener, org.springframework.boot.test.autoconfigure.webservices.client.MockWebServiceServerTestExecutionListener, org.springframework.test.context.web.ServletTestExecutionListener, org.springframework.test.context.support.DirtiesContextBeforeModesTestExecutionListener, org.springframework.test.context.support.DependencyInjectionTestExecutionListener, org.springframework.test.context.support.DirtiesContextTestExecutionListener, org.springframework.test.context.transaction.TransactionalTestExecutionListener, org.springframework.test.context.jdbc.SqlScriptsTestExecutionListener, org.springframework.test.context.event.EventPublishingTestExecutionListener]
2021-05-06 12:02:55.277  INFO 13985 --- [main] t.a.d.m.DataMongoTestContextBootstrapper : Using TestExecutionListeners: [org.springframework.test.context.web.ServletTestExecutionListener@458031da, org.springframework.test.context.support.DirtiesContextBeforeModesTestExecutionListener@7be94cd6, org.springframework.boot.test.mock.mockito.MockitoTestExecutionListener@20cff21e, org.springframework.boot.test.autoconfigure.SpringBootDependencyInjectionTestExecutionListener@463045fb, org.springframework.test.context.support.DirtiesContextTestExecutionListener@27ab206, org.springframework.test.context.transaction.TransactionalTestExecutionListener@3344d163, org.springframework.test.context.jdbc.SqlScriptsTestExecutionListener@6cc48a17, org.springframework.test.context.event.EventPublishingTestExecutionListener@289f15e9, org.springframework.boot.test.mock.mockito.ResetMocksTestExecutionListener@7f22687e, org.springframework.boot.test.autoconfigure.restdocs.RestDocsTestExecutionListener@6af87130, org.springframework.boot.test.autoconfigure.web.client.MockRestServiceServerResetTestExecutionListener@22a4ca4a, org.springframework.boot.test.autoconfigure.web.servlet.MockMvcPrintOnlyOnFailureTestExecutionListener@72c4a3aa, org.springframework.boot.test.autoconfigure.web.servlet.WebDriverTestExecutionListener@1e495414, org.springframework.boot.test.autoconfigure.webservices.client.MockWebServiceServerTestExecutionListener@3711c71c]
2021-05-06 12:02:55.554  INFO 13985 --- [main] c.s.R.service.MenuItemDAOImpl            : Menu item updated
2021-05-06 12:02:55.630 ERROR 13985 --- [main] c.s.R.service.RestaurantDAOImpl          : Restaurant updated
2021-05-06 12:02:55.638  INFO 13985 --- [main] c.s.R.service.RestaurantDAOImpl          : New Restaurant added
2021-05-06 12:02:55.855  INFO 13985 --- [main] o.s.mock.web.MockServletContext          : Initializing Spring TestDispatcherServlet ''
2021-05-06 12:02:55.856  INFO 13985 --- [main] o.s.t.web.servlet.TestDispatcherServlet  : Initializing Servlet ''
2021-05-06 12:02:55.858  INFO 13985 --- [main] o.s.t.web.servlet.TestDispatcherServlet  : Completed initialization in 2 ms
2021-05-06 12:02:55.981  INFO 13985 --- [main] c.s.R.controller.OrderController         : Fetched all orders
2021-05-06 12:02:56.167  INFO 13985 --- [main] o.s.mock.web.MockServletContext          : Initializing Spring TestDispatcherServlet ''
2021-05-06 12:02:56.167  INFO 13985 --- [main] o.s.t.web.servlet.TestDispatcherServlet  : Initializing Servlet ''
2021-05-06 12:02:56.168  INFO 13985 --- [main] o.s.t.web.servlet.TestDispatcherServlet  : Completed initialization in 1 ms
2021-05-06 12:02:56.188  INFO 13985 --- [main] c.s.R.controller.MenuItemsController     : Menuitem is deleted
2021-05-06 12:02:56.229  INFO 13985 --- [main] o.s.mock.web.MockServletContext          : Initializing Spring TestDispatcherServlet ''
2021-05-06 12:02:56.229  INFO 13985 --- [main] o.s.t.web.servlet.TestDispatcherServlet  : Initializing Servlet ''
2021-05-06 12:02:56.230  INFO 13985 --- [main] o.s.t.web.servlet.TestDispatcherServlet  : Completed initialization in 1 ms
2021-05-06 12:02:56.364  INFO 13985 --- [main] c.s.R.controller.MenuItemsController     : Menuitem added
2021-05-06 12:02:56.396  INFO 13985 --- [main] o.s.mock.web.MockServletContext          : Initializing Spring TestDispatcherServlet ''
2021-05-06 12:02:56.397  INFO 13985 --- [main] o.s.t.web.servlet.TestDispatcherServlet  : Initializing Servlet ''
2021-05-06 12:02:56.397  INFO 13985 --- [main] o.s.t.web.servlet.TestDispatcherServlet  : Completed initialization in 0 ms
2021-05-06 12:02:56.400  INFO 13985 --- [main] c.s.R.controller.MenuItemsController     : Fetched all menuitems
2021-05-06 12:02:56.420  INFO 13985 --- [main] o.s.mock.web.MockServletContext          : Initializing Spring TestDispatcherServlet ''
2021-05-06 12:02:56.420  INFO 13985 --- [main] o.s.t.web.servlet.TestDispatcherServlet  : Initializing Servlet ''
2021-05-06 12:02:56.420  INFO 13985 --- [main] o.s.t.web.servlet.TestDispatcherServlet  : Completed initialization in 0 ms
2021-05-06 12:02:56.422  INFO 13985 --- [main] c.s.R.controller.MenuItemsController     : Fetched menuitem by name
2021-05-06 12:02:56.448  INFO 13985 --- [main] o.s.mock.web.MockServletContext          : Initializing Spring TestDispatcherServlet ''
2021-05-06 12:02:56.448  INFO 13985 --- [main] o.s.t.web.servlet.TestDispatcherServlet  : Initializing Servlet ''
2021-05-06 12:02:56.448  INFO 13985 --- [main] o.s.t.web.servlet.TestDispatcherServlet  : Completed initialization in 0 ms
2021-05-06 12:02:56.471  INFO 13985 --- [main] c.s.R.controller.MenuItemsController     : Menu updated
2021-05-06 12:02:56.562  INFO 13985 --- [main] o.s.mock.web.MockServletContext          : Initializing Spring TestDispatcherServlet ''
2021-05-06 12:02:56.563  INFO 13985 --- [main] o.s.t.web.servlet.TestDispatcherServlet  : Initializing Servlet ''
2021-05-06 12:02:56.564  INFO 13985 --- [main] o.s.t.web.servlet.TestDispatcherServlet  : Completed initialization in 0 ms
2021-05-06 12:02:56.570  INFO 13985 --- [main] c.s.R.controller.RestaurantController    : Fetched all restaurants
2021-05-06 12:02:56.612  INFO 13985 --- [main] o.s.mock.web.MockServletContext          : Initializing Spring TestDispatcherServlet ''
2021-05-06 12:02:56.614  INFO 13985 --- [main] o.s.t.web.servlet.TestDispatcherServlet  : Initializing Servlet ''
2021-05-06 12:02:56.617  INFO 13985 --- [main] o.s.t.web.servlet.TestDispatcherServlet  : Completed initialization in 0 ms
2021-05-06 12:02:56.620  INFO 13985 --- [main] c.s.R.controller.RestaurantController    : Fetched restaurant based on location
2021-05-06 12:02:56.661  INFO 13985 --- [main] o.s.mock.web.MockServletContext          : Initializing Spring TestDispatcherServlet ''
2021-05-06 12:02:56.661  INFO 13985 --- [main] o.s.t.web.servlet.TestDispatcherServlet  : Initializing Servlet ''
2021-05-06 12:02:56.662  INFO 13985 --- [main] o.s.t.web.servlet.TestDispatcherServlet  : Completed initialization in 0 ms
2021-05-06 12:02:56.667  INFO 13985 --- [main] c.s.R.controller.RestaurantController    : Fetched restaurant based on location
2021-05-06 12:02:56.695  INFO 13985 --- [main] o.s.mock.web.MockServletContext          : Initializing Spring TestDispatcherServlet ''
2021-05-06 12:02:56.696  INFO 13985 --- [main] o.s.t.web.servlet.TestDispatcherServlet  : Initializing Servlet ''
2021-05-06 12:02:56.696  INFO 13985 --- [main] o.s.t.web.servlet.TestDispatcherServlet  : Completed initialization in 0 ms
2021-05-06 12:02:56.709  INFO 13985 --- [main] c.s.R.controller.RestaurantController    : Restaurant deleted
2021-05-06 12:02:56.748  INFO 13985 --- [SpringContextShutdownHook] org.mongodb.driver.connection            : Closed connection [connectionId{localValue:2, serverValue:32}] to localhost:27017 because the pool has been closed.
