2021-05-05 04:06:11.781  INFO 8010 --- [restartedMain] c.s.UserService.UserServiceApplication   : Starting UserServiceApplication on ip-172-31-46-249 with PID 8010 (/home/ubuntu/Desktop/Foodie-App/Customer-Service/target/classes started by ubuntu in /home/ubuntu/Desktop/Foodie-App)
2021-05-05 04:06:11.849  INFO 8010 --- [restartedMain] c.s.UserService.UserServiceApplication   : No active profile set, falling back to default profiles: default
2021-05-05 04:06:12.224  INFO 8010 --- [restartedMain] .e.DevToolsPropertyDefaultsPostProcessor : Devtools property defaults active! Set 'spring.devtools.add-properties' to 'false' to disable
2021-05-05 04:06:12.225  INFO 8010 --- [restartedMain] .e.DevToolsPropertyDefaultsPostProcessor : For additional web related logging consider setting the 'logging.level.web' property to 'DEBUG'
2021-05-05 04:06:14.724  INFO 8010 --- [restartedMain] .s.d.r.c.RepositoryConfigurationDelegate : Bootstrapping Spring Data JPA repositories in DEFAULT mode.
2021-05-05 04:06:14.808  INFO 8010 --- [restartedMain] .s.d.r.c.RepositoryConfigurationDelegate : Finished Spring Data repository scanning in 72ms. Found 1 JPA repository interfaces.
2021-05-05 04:06:15.407  INFO 8010 --- [restartedMain] trationDelegate$BeanPostProcessorChecker : Bean 'org.springframework.security.access.expression.method.DefaultMethodSecurityExpressionHandler@3ebbdf94' of type [org.springframework.security.access.expression.method.DefaultMethodSecurityExpressionHandler] is not eligible for getting processed by all BeanPostProcessors (for example: not eligible for auto-proxying)
2021-05-05 04:06:15.417  INFO 8010 --- [restartedMain] trationDelegate$BeanPostProcessorChecker : Bean 'methodSecurityMetadataSource' of type [org.springframework.security.access.method.DelegatingMethodSecurityMetadataSource] is not eligible for getting processed by all BeanPostProcessors (for example: not eligible for auto-proxying)
2021-05-05 04:06:16.640  INFO 8010 --- [restartedMain] o.s.b.w.embedded.tomcat.TomcatWebServer  : Tomcat initialized with port(s): 8081 (http)
2021-05-05 04:06:16.660  INFO 8010 --- [restartedMain] o.apache.catalina.core.StandardService   : Starting service [Tomcat]
2021-05-05 04:06:16.660  INFO 8010 --- [restartedMain] org.apache.catalina.core.StandardEngine  : Starting Servlet engine: [Apache Tomcat/9.0.45]
2021-05-05 04:06:16.928  INFO 8010 --- [restartedMain] o.a.c.c.C.[Tomcat].[localhost].[/]       : Initializing Spring embedded WebApplicationContext
2021-05-05 04:06:16.928  INFO 8010 --- [restartedMain] w.s.c.ServletWebServerApplicationContext : Root WebApplicationContext: initialization completed in 4702 ms
2021-05-05 04:06:17.256  INFO 8010 --- [restartedMain] o.hibernate.jpa.internal.util.LogHelper  : HHH000204: Processing PersistenceUnitInfo [name: default]
2021-05-05 04:06:17.335  INFO 8010 --- [restartedMain] org.hibernate.Version                    : HHH000412: Hibernate ORM core version 5.4.30.Final
2021-05-05 04:06:17.564  INFO 8010 --- [restartedMain] o.hibernate.annotations.common.Version   : HCANN000001: Hibernate Commons Annotations {5.1.2.Final}
2021-05-05 04:06:17.745  INFO 8010 --- [restartedMain] com.zaxxer.hikari.HikariDataSource       : HikariPool-1 - Starting...
2021-05-05 04:06:18.268  INFO 8010 --- [restartedMain] com.zaxxer.hikari.HikariDataSource       : HikariPool-1 - Start completed.
2021-05-05 04:06:18.311  INFO 8010 --- [restartedMain] org.hibernate.dialect.Dialect            : HHH000400: Using dialect: org.hibernate.dialect.MySQL8Dialect
2021-05-05 04:06:19.453  INFO 8010 --- [restartedMain] o.h.e.t.j.p.i.JtaPlatformInitiator       : HHH000490: Using JtaPlatform implementation: [org.hibernate.engine.transaction.jta.platform.internal.NoJtaPlatform]
2021-05-05 04:06:19.465  INFO 8010 --- [restartedMain] j.LocalContainerEntityManagerFactoryBean : Initialized JPA EntityManagerFactory for persistence unit 'default'
2021-05-05 04:06:20.194  WARN 8010 --- [restartedMain] JpaBaseConfiguration$JpaWebConfiguration : spring.jpa.open-in-view is enabled by default. Therefore, database queries may be performed during view rendering. Explicitly configure spring.jpa.open-in-view to disable this warning
2021-05-05 04:06:20.493  INFO 8010 --- [restartedMain] o.s.b.d.a.OptionalLiveReloadServer       : LiveReload server is running on port 35729
2021-05-05 04:06:21.250  INFO 8010 --- [restartedMain] o.s.s.web.DefaultSecurityFilterChain     : Creating filter chain: any request, [org.springframework.security.web.context.request.async.WebAsyncManagerIntegrationFilter@796c5b4d, org.springframework.security.web.context.SecurityContextPersistenceFilter@50cc4d77, org.springframework.security.web.header.HeaderWriterFilter@51bd4914, org.springframework.security.web.authentication.logout.LogoutFilter@49fb1f3c, com.stackroute.UserService.config.JwtRequestFilter@704c6406, org.springframework.security.web.savedrequest.RequestCacheAwareFilter@db5130d, org.springframework.security.web.servletapi.SecurityContextHolderAwareRequestFilter@f17f708, org.springframework.security.web.authentication.AnonymousAuthenticationFilter@6db171d3, org.springframework.security.web.session.SessionManagementFilter@5794f295, org.springframework.security.web.access.ExceptionTranslationFilter@77c0a69b, org.springframework.security.web.access.intercept.FilterSecurityInterceptor@1dced175]
2021-05-05 04:06:21.519  INFO 8010 --- [restartedMain] o.s.s.concurrent.ThreadPoolTaskExecutor  : Initializing ExecutorService 'applicationTaskExecutor'
2021-05-05 04:06:21.859  INFO 8010 --- [restartedMain] o.s.b.w.embedded.tomcat.TomcatWebServer  : Tomcat started on port(s): 8081 (http) with context path ''
2021-05-05 04:06:21.876  INFO 8010 --- [restartedMain] d.s.w.p.DocumentationPluginsBootstrapper : Context refreshed
2021-05-05 04:06:21.895  INFO 8010 --- [restartedMain] d.s.w.p.DocumentationPluginsBootstrapper : Found 1 custom documentation plugin(s)
2021-05-05 04:06:21.907  INFO 8010 --- [restartedMain] s.d.s.w.s.ApiListingReferenceScanner     : Scanning for api listing references
2021-05-05 04:06:22.088  INFO 8010 --- [restartedMain] c.s.UserService.UserServiceApplication   : Started UserServiceApplication in 11.784 seconds (JVM running for 13.628)
2021-05-05 04:12:26.760  INFO 8010 --- [http-nio-8081-exec-1] o.a.c.c.C.[Tomcat].[localhost].[/]       : Initializing Spring DispatcherServlet 'dispatcherServlet'
2021-05-05 04:12:26.765  INFO 8010 --- [http-nio-8081-exec-1] o.s.web.servlet.DispatcherServlet        : Initializing Servlet 'dispatcherServlet'
2021-05-05 04:12:26.801  INFO 8010 --- [http-nio-8081-exec-1] o.s.web.servlet.DispatcherServlet        : Completed initialization in 35 ms
2021-05-05 04:12:26.969  WARN 8010 --- [http-nio-8081-exec-1] c.s.UserService.config.JwtRequestFilter  : JWT Token does not begin with Bearer String
2021-05-05 04:14:25.884  WARN 8010 --- [http-nio-8081-exec-4] c.s.UserService.config.JwtRequestFilter  : JWT Token does not begin with Bearer String
2021-05-05 04:14:26.523  INFO 8010 --- [http-nio-8081-exec-4] c.s.U.service.JwtUserDetailsService      : Customer saved
2021-05-05 04:16:10.291  WARN 8010 --- [http-nio-8081-exec-6] c.s.UserService.config.JwtRequestFilter  : JWT Token does not begin with Bearer String
2021-05-05 04:16:10.433  WARN 8010 --- [http-nio-8081-exec-7] c.s.UserService.config.JwtRequestFilter  : JWT Token does not begin with Bearer String
2021-05-05 04:18:47.623  WARN 8010 --- [http-nio-8081-exec-10] c.s.UserService.config.JwtRequestFilter  : JWT Token does not begin with Bearer String
2021-05-05 04:18:47.841  WARN 8010 --- [http-nio-8081-exec-10] .w.s.m.s.DefaultHandlerExceptionResolver : Resolved [org.springframework.web.bind.MethodArgumentNotValidException: Validation failed for argument [0] in public org.springframework.http.ResponseEntity<?> com.stackroute.UserService.controller.JwtAuthenticationController.saveUser(com.stackroute.UserService.model.User) throws java.lang.Exception with 3 errors: [Field error in object 'user' on field 'contactNum': rejected value []; codes [Size.user.contactNum,Size.contactNum,Size.java.lang.String,Size]; arguments [org.springframework.context.support.DefaultMessageSourceResolvable: codes [user.contactNum,contactNum]; arguments []; default message [contactNum],10,10]; default message [should have 10 digits]] [Field error in object 'user' on field 'password': rejected value []; codes [Size.user.password,Size.password,Size.java.lang.String,Size]; arguments [org.springframework.context.support.DefaultMessageSourceResolvable: codes [user.password,password]; arguments []; default message [password],2147483647,5]; default message [password should have minimum size of 5 ]] [Field error in object 'user' on field 'firstName': rejected value []; codes [Size.user.firstName,Size.firstName,Size.java.lang.String,Size]; arguments [org.springframework.context.support.DefaultMessageSourceResolvable: codes [user.firstName,firstName]; arguments []; default message [firstName],30,3]; default message [The firstname should not blank and must contain minimum 3 character and max 30 character]] ]
2021-05-05 04:24:35.155  WARN 8010 --- [http-nio-8081-exec-2] c.s.UserService.config.JwtRequestFilter  : JWT Token does not begin with Bearer String
2021-05-05 04:25:19.509  WARN 8010 --- [http-nio-8081-exec-1] c.s.UserService.config.JwtRequestFilter  : JWT Token does not begin with Bearer String
2021-05-05 04:37:24.069  WARN 8010 --- [HikariPool-1 housekeeper] com.zaxxer.hikari.pool.HikariPool        : HikariPool-1 - Thread starvation or clock leap detected (housekeeper delta=47s971ms434µs682ns).
2021-05-05 04:51:21.332  INFO 5659 --- [restartedMain] c.s.UserService.UserServiceApplication   : Starting UserServiceApplication on ip-172-31-46-249 with PID 5659 (/home/ubuntu/Desktop/Foodie-App/Customer-Service/target/classes started by ubuntu in /home/ubuntu/Desktop/Foodie-App)
2021-05-05 04:51:21.374  INFO 5659 --- [restartedMain] c.s.UserService.UserServiceApplication   : No active profile set, falling back to default profiles: default
2021-05-05 04:51:21.752  INFO 5659 --- [restartedMain] .e.DevToolsPropertyDefaultsPostProcessor : Devtools property defaults active! Set 'spring.devtools.add-properties' to 'false' to disable
2021-05-05 04:51:21.753  INFO 5659 --- [restartedMain] .e.DevToolsPropertyDefaultsPostProcessor : For additional web related logging consider setting the 'logging.level.web' property to 'DEBUG'
2021-05-05 04:51:27.330  INFO 5659 --- [restartedMain] .s.d.r.c.RepositoryConfigurationDelegate : Bootstrapping Spring Data JPA repositories in DEFAULT mode.
2021-05-05 04:51:27.624  INFO 5659 --- [restartedMain] .s.d.r.c.RepositoryConfigurationDelegate : Finished Spring Data repository scanning in 247ms. Found 1 JPA repository interfaces.
2021-05-05 04:51:28.866  INFO 5659 --- [restartedMain] trationDelegate$BeanPostProcessorChecker : Bean 'org.springframework.security.access.expression.method.DefaultMethodSecurityExpressionHandler@bd74ff8' of type [org.springframework.security.access.expression.method.DefaultMethodSecurityExpressionHandler] is not eligible for getting processed by all BeanPostProcessors (for example: not eligible for auto-proxying)
2021-05-05 04:51:28.883  INFO 5659 --- [restartedMain] trationDelegate$BeanPostProcessorChecker : Bean 'methodSecurityMetadataSource' of type [org.springframework.security.access.method.DelegatingMethodSecurityMetadataSource] is not eligible for getting processed by all BeanPostProcessors (for example: not eligible for auto-proxying)
2021-05-05 04:51:29.932  INFO 5659 --- [restartedMain] o.s.b.w.embedded.tomcat.TomcatWebServer  : Tomcat initialized with port(s): 8081 (http)
2021-05-05 04:51:29.980  INFO 5659 --- [restartedMain] o.apache.catalina.core.StandardService   : Starting service [Tomcat]
2021-05-05 04:51:29.981  INFO 5659 --- [restartedMain] org.apache.catalina.core.StandardEngine  : Starting Servlet engine: [Apache Tomcat/9.0.45]
2021-05-05 04:51:30.267  INFO 5659 --- [restartedMain] o.a.c.c.C.[Tomcat].[localhost].[/]       : Initializing Spring embedded WebApplicationContext
2021-05-05 04:51:30.274  INFO 5659 --- [restartedMain] w.s.c.ServletWebServerApplicationContext : Root WebApplicationContext: initialization completed in 8519 ms
2021-05-05 04:51:31.142  INFO 5659 --- [restartedMain] o.hibernate.jpa.internal.util.LogHelper  : HHH000204: Processing PersistenceUnitInfo [name: default]
2021-05-05 04:51:31.550  INFO 5659 --- [restartedMain] org.hibernate.Version                    : HHH000412: Hibernate ORM core version 5.4.30.Final
2021-05-05 04:51:32.651  INFO 5659 --- [restartedMain] o.hibernate.annotations.common.Version   : HCANN000001: Hibernate Commons Annotations {5.1.2.Final}
2021-05-05 04:51:33.267  INFO 5659 --- [restartedMain] com.zaxxer.hikari.HikariDataSource       : HikariPool-1 - Starting...
2021-05-05 04:51:35.682  INFO 5659 --- [restartedMain] com.zaxxer.hikari.HikariDataSource       : HikariPool-1 - Start completed.
2021-05-05 04:51:36.043  INFO 5659 --- [restartedMain] org.hibernate.dialect.Dialect            : HHH000400: Using dialect: org.hibernate.dialect.MySQL8Dialect
2021-05-05 04:51:39.791  INFO 5659 --- [restartedMain] o.h.e.t.j.p.i.JtaPlatformInitiator       : HHH000490: Using JtaPlatform implementation: [org.hibernate.engine.transaction.jta.platform.internal.NoJtaPlatform]
2021-05-05 04:51:39.839  INFO 5659 --- [restartedMain] j.LocalContainerEntityManagerFactoryBean : Initialized JPA EntityManagerFactory for persistence unit 'default'
2021-05-05 04:51:43.093  WARN 5659 --- [restartedMain] JpaBaseConfiguration$JpaWebConfiguration : spring.jpa.open-in-view is enabled by default. Therefore, database queries may be performed during view rendering. Explicitly configure spring.jpa.open-in-view to disable this warning
2021-05-05 04:51:43.823  INFO 5659 --- [restartedMain] o.s.b.d.a.OptionalLiveReloadServer       : LiveReload server is running on port 35729
2021-05-05 04:51:47.067  INFO 5659 --- [restartedMain] o.s.s.web.DefaultSecurityFilterChain     : Creating filter chain: any request, [org.springframework.security.web.context.request.async.WebAsyncManagerIntegrationFilter@42ed5a9f, org.springframework.security.web.context.SecurityContextPersistenceFilter@2ecdaa8e, org.springframework.security.web.header.HeaderWriterFilter@6fec4b32, org.springframework.security.web.authentication.logout.LogoutFilter@9c59d4e, com.stackroute.UserService.config.JwtRequestFilter@ac77ddb, org.springframework.security.web.savedrequest.RequestCacheAwareFilter@60d49205, org.springframework.security.web.servletapi.SecurityContextHolderAwareRequestFilter@4b0d649a, org.springframework.security.web.authentication.AnonymousAuthenticationFilter@17d63b65, org.springframework.security.web.session.SessionManagementFilter@298b6ab0, org.springframework.security.web.access.ExceptionTranslationFilter@7ad88957, org.springframework.security.web.access.intercept.FilterSecurityInterceptor@2b109a6e]
2021-05-05 04:51:48.066  INFO 5659 --- [restartedMain] o.s.s.concurrent.ThreadPoolTaskExecutor  : Initializing ExecutorService 'applicationTaskExecutor'
2021-05-05 04:51:48.925  INFO 5659 --- [restartedMain] o.s.b.w.embedded.tomcat.TomcatWebServer  : Tomcat started on port(s): 8081 (http) with context path ''
2021-05-05 04:51:48.953  INFO 5659 --- [restartedMain] d.s.w.p.DocumentationPluginsBootstrapper : Context refreshed
2021-05-05 04:51:49.065  INFO 5659 --- [restartedMain] d.s.w.p.DocumentationPluginsBootstrapper : Found 1 custom documentation plugin(s)
2021-05-05 04:51:49.087  INFO 5659 --- [restartedMain] s.d.s.w.s.ApiListingReferenceScanner     : Scanning for api listing references
2021-05-05 04:51:49.577  INFO 5659 --- [restartedMain] c.s.UserService.UserServiceApplication   : Started UserServiceApplication in 30.387 seconds (JVM running for 33.651)
2021-05-05 04:57:23.558  INFO 5659 --- [http-nio-8081-exec-1] o.a.c.c.C.[Tomcat].[localhost].[/]       : Initializing Spring DispatcherServlet 'dispatcherServlet'
2021-05-05 04:57:23.561  INFO 5659 --- [http-nio-8081-exec-1] o.s.web.servlet.DispatcherServlet        : Initializing Servlet 'dispatcherServlet'
2021-05-05 04:57:23.583  INFO 5659 --- [http-nio-8081-exec-1] o.s.web.servlet.DispatcherServlet        : Completed initialization in 22 ms
2021-05-05 04:57:57.620  WARN 5659 --- [http-nio-8081-exec-2] c.s.UserService.config.JwtRequestFilter  : JWT Token does not begin with Bearer String
2021-05-05 04:58:22.457  INFO 5659 --- [http-nio-8081-exec-3] c.s.U.controller.UserController          : Customer account fetched by id
2021-05-05 04:58:22.627 ERROR 5659 --- [http-nio-8081-exec-3] c.s.U.service.JwtUserDetailsService      : customer unknown
2021-05-05 04:58:22.640  WARN 5659 --- [http-nio-8081-exec-3] .m.m.a.ExceptionHandlerExceptionResolver : Resolved [com.stackroute.UserService.exception.CustomerUnknownException]
2021-05-05 04:59:12.513  INFO 5659 --- [http-nio-8081-exec-4] c.s.U.controller.UserController          : Customer account fetched by id
2021-05-05 04:59:12.542  INFO 5659 --- [http-nio-8081-exec-4] c.s.U.service.JwtUserDetailsService      : Customer details fetched
2021-05-05 05:00:09.479  WARN 5659 --- [http-nio-8081-exec-5] c.s.UserService.config.JwtRequestFilter  : JWT Token does not begin with Bearer String
2021-05-05 05:00:09.602  WARN 5659 --- [http-nio-8081-exec-6] c.s.UserService.config.JwtRequestFilter  : JWT Token does not begin with Bearer String
2021-05-05 05:03:10.642  WARN 5659 --- [http-nio-8081-exec-10] .w.s.m.s.DefaultHandlerExceptionResolver : Resolved [org.springframework.web.HttpRequestMethodNotSupportedException: Request method 'DELETE' not supported]
2021-05-05 05:03:24.036  INFO 5659 --- [http-nio-8081-exec-1] c.s.U.controller.UserController          : Customer details deleted
2021-05-05 05:03:24.137  INFO 5659 --- [http-nio-8081-exec-1] c.s.U.service.JwtUserDetailsService      : Customer information deleted
2021-05-05 05:49:31.311  WARN 5659 --- [http-nio-8081-exec-3] c.s.UserService.config.JwtRequestFilter  : JWT Token does not begin with Bearer String
2021-05-05 05:49:31.327  INFO 5659 --- [http-nio-8081-exec-3] c.s.U.service.JwtUserDetailsService      : user not found
2021-05-05 05:50:09.312  WARN 5659 --- [http-nio-8081-exec-4] c.s.UserService.config.JwtRequestFilter  : JWT Token does not begin with Bearer String
2021-05-05 05:50:09.325  INFO 5659 --- [http-nio-8081-exec-4] c.s.U.service.JwtUserDetailsService      : user not found
2021-05-05 05:50:41.816  INFO 5659 --- [http-nio-8081-exec-5] c.s.U.service.JwtUserDetailsService      : user not found
2021-05-05 05:50:41.831 ERROR 5659 --- [http-nio-8081-exec-5] o.a.c.c.C.[.[.[/].[dispatcherServlet]    : Servlet.service() for servlet [dispatcherServlet] in context with path [] threw exception

org.springframework.security.core.userdetails.UsernameNotFoundException: User not foundsreelatha@gmail.com
	at com.stackroute.UserService.service.JwtUserDetailsService.loadUserByUsername(JwtUserDetailsService.java:34) ~[classes/:na]
	at com.stackroute.UserService.config.JwtRequestFilter.doFilterInternal(JwtRequestFilter.java:52) ~[classes/:na]
	at org.springframework.web.filter.OncePerRequestFilter.doFilter(OncePerRequestFilter.java:119) ~[spring-web-5.2.14.RELEASE.jar:5.2.14.RELEASE]
	at org.springframework.security.web.FilterChainProxy$VirtualFilterChain.doFilter(FilterChainProxy.java:334) ~[spring-security-web-5.3.9.RELEASE.jar:5.3.9.RELEASE]
	at org.springframework.security.web.authentication.logout.LogoutFilter.doFilter(LogoutFilter.java:116) ~[spring-security-web-5.3.9.RELEASE.jar:5.3.9.RELEASE]
	at org.springframework.security.web.FilterChainProxy$VirtualFilterChain.doFilter(FilterChainProxy.java:334) ~[spring-security-web-5.3.9.RELEASE.jar:5.3.9.RELEASE]
	at org.springframework.security.web.header.HeaderWriterFilter.doHeadersAfter(HeaderWriterFilter.java:92) ~[spring-security-web-5.3.9.RELEASE.jar:5.3.9.RELEASE]
	at org.springframework.security.web.header.HeaderWriterFilter.doFilterInternal(HeaderWriterFilter.java:77) ~[spring-security-web-5.3.9.RELEASE.jar:5.3.9.RELEASE]
	at org.springframework.web.filter.OncePerRequestFilter.doFilter(OncePerRequestFilter.java:119) ~[spring-web-5.2.14.RELEASE.jar:5.2.14.RELEASE]
	at org.springframework.security.web.FilterChainProxy$VirtualFilterChain.doFilter(FilterChainProxy.java:334) ~[spring-security-web-5.3.9.RELEASE.jar:5.3.9.RELEASE]
	at org.springframework.security.web.context.SecurityContextPersistenceFilter.doFilter(SecurityContextPersistenceFilter.java:105) ~[spring-security-web-5.3.9.RELEASE.jar:5.3.9.RELEASE]
	at org.springframework.security.web.FilterChainProxy$VirtualFilterChain.doFilter(FilterChainProxy.java:334) ~[spring-security-web-5.3.9.RELEASE.jar:5.3.9.RELEASE]
	at org.springframework.security.web.context.request.async.WebAsyncManagerIntegrationFilter.doFilterInternal(WebAsyncManagerIntegrationFilter.java:56) ~[spring-security-web-5.3.9.RELEASE.jar:5.3.9.RELEASE]
	at org.springframework.web.filter.OncePerRequestFilter.doFilter(OncePerRequestFilter.java:119) ~[spring-web-5.2.14.RELEASE.jar:5.2.14.RELEASE]
	at org.springframework.security.web.FilterChainProxy$VirtualFilterChain.doFilter(FilterChainProxy.java:334) ~[spring-security-web-5.3.9.RELEASE.jar:5.3.9.RELEASE]
	at org.springframework.security.web.FilterChainProxy.doFilterInternal(FilterChainProxy.java:215) ~[spring-security-web-5.3.9.RELEASE.jar:5.3.9.RELEASE]
	at org.springframework.security.web.FilterChainProxy.doFilter(FilterChainProxy.java:178) ~[spring-security-web-5.3.9.RELEASE.jar:5.3.9.RELEASE]
	at org.springframework.web.filter.DelegatingFilterProxy.invokeDelegate(DelegatingFilterProxy.java:358) ~[spring-web-5.2.14.RELEASE.jar:5.2.14.RELEASE]
	at org.springframework.web.filter.DelegatingFilterProxy.doFilter(DelegatingFilterProxy.java:271) ~[spring-web-5.2.14.RELEASE.jar:5.2.14.RELEASE]
	at org.apache.catalina.core.ApplicationFilterChain.internalDoFilter(ApplicationFilterChain.java:189) ~[tomcat-embed-core-9.0.45.jar:9.0.45]
	at org.apache.catalina.core.ApplicationFilterChain.doFilter(ApplicationFilterChain.java:162) ~[tomcat-embed-core-9.0.45.jar:9.0.45]
	at org.springframework.web.filter.RequestContextFilter.doFilterInternal(RequestContextFilter.java:100) ~[spring-web-5.2.14.RELEASE.jar:5.2.14.RELEASE]
	at org.springframework.web.filter.OncePerRequestFilter.doFilter(OncePerRequestFilter.java:119) ~[spring-web-5.2.14.RELEASE.jar:5.2.14.RELEASE]
	at org.apache.catalina.core.ApplicationFilterChain.internalDoFilter(ApplicationFilterChain.java:189) ~[tomcat-embed-core-9.0.45.jar:9.0.45]
	at org.apache.catalina.core.ApplicationFilterChain.doFilter(ApplicationFilterChain.java:162) ~[tomcat-embed-core-9.0.45.jar:9.0.45]
	at org.springframework.web.filter.FormContentFilter.doFilterInternal(FormContentFilter.java:93) ~[spring-web-5.2.14.RELEASE.jar:5.2.14.RELEASE]
	at org.springframework.web.filter.OncePerRequestFilter.doFilter(OncePerRequestFilter.java:119) ~[spring-web-5.2.14.RELEASE.jar:5.2.14.RELEASE]
	at org.apache.catalina.core.ApplicationFilterChain.internalDoFilter(ApplicationFilterChain.java:189) ~[tomcat-embed-core-9.0.45.jar:9.0.45]
	at org.apache.catalina.core.ApplicationFilterChain.doFilter(ApplicationFilterChain.java:162) ~[tomcat-embed-core-9.0.45.jar:9.0.45]
	at org.springframework.web.filter.CharacterEncodingFilter.doFilterInternal(CharacterEncodingFilter.java:201) ~[spring-web-5.2.14.RELEASE.jar:5.2.14.RELEASE]
	at org.springframework.web.filter.OncePerRequestFilter.doFilter(OncePerRequestFilter.java:119) ~[spring-web-5.2.14.RELEASE.jar:5.2.14.RELEASE]
	at org.apache.catalina.core.ApplicationFilterChain.internalDoFilter(ApplicationFilterChain.java:189) ~[tomcat-embed-core-9.0.45.jar:9.0.45]
	at org.apache.catalina.core.ApplicationFilterChain.doFilter(ApplicationFilterChain.java:162) ~[tomcat-embed-core-9.0.45.jar:9.0.45]
	at org.apache.catalina.core.StandardWrapperValve.invoke(StandardWrapperValve.java:202) ~[tomcat-embed-core-9.0.45.jar:9.0.45]
	at org.apache.catalina.core.StandardContextValve.invoke(StandardContextValve.java:97) ~[tomcat-embed-core-9.0.45.jar:9.0.45]
	at org.apache.catalina.authenticator.AuthenticatorBase.invoke(AuthenticatorBase.java:542) ~[tomcat-embed-core-9.0.45.jar:9.0.45]
	at org.apache.catalina.core.StandardHostValve.invoke(StandardHostValve.java:143) ~[tomcat-embed-core-9.0.45.jar:9.0.45]
	at org.apache.catalina.valves.ErrorReportValve.invoke(ErrorReportValve.java:92) ~[tomcat-embed-core-9.0.45.jar:9.0.45]
	at org.apache.catalina.core.StandardEngineValve.invoke(StandardEngineValve.java:78) ~[tomcat-embed-core-9.0.45.jar:9.0.45]
	at org.apache.catalina.connector.CoyoteAdapter.service(CoyoteAdapter.java:357) ~[tomcat-embed-core-9.0.45.jar:9.0.45]
	at org.apache.coyote.http11.Http11Processor.service(Http11Processor.java:374) ~[tomcat-embed-core-9.0.45.jar:9.0.45]
	at org.apache.coyote.AbstractProcessorLight.process(AbstractProcessorLight.java:65) ~[tomcat-embed-core-9.0.45.jar:9.0.45]
	at org.apache.coyote.AbstractProtocol$ConnectionHandler.process(AbstractProtocol.java:893) ~[tomcat-embed-core-9.0.45.jar:9.0.45]
	at org.apache.tomcat.util.net.NioEndpoint$SocketProcessor.doRun(NioEndpoint.java:1707) ~[tomcat-embed-core-9.0.45.jar:9.0.45]
	at org.apache.tomcat.util.net.SocketProcessorBase.run(SocketProcessorBase.java:49) ~[tomcat-embed-core-9.0.45.jar:9.0.45]
	at java.base/java.util.concurrent.ThreadPoolExecutor.runWorker(ThreadPoolExecutor.java:1128) ~[na:na]
	at java.base/java.util.concurrent.ThreadPoolExecutor$Worker.run(ThreadPoolExecutor.java:628) ~[na:na]
	at org.apache.tomcat.util.threads.TaskThread$WrappingRunnable.run(TaskThread.java:61) ~[tomcat-embed-core-9.0.45.jar:9.0.45]
	at java.base/java.lang.Thread.run(Thread.java:834) ~[na:na]

2021-05-05 05:51:37.864  WARN 5659 --- [http-nio-8081-exec-6] c.s.UserService.config.JwtRequestFilter  : JWT Token does not begin with Bearer String
